<?xml version="1.0" encoding="UTF-8"?>
<coverage generated="1682326307083" clover="3.2.0">
  <project timestamp="1682326307088" name="All files">
    <metrics statements="75" coveredstatements="74" conditionals="6" coveredconditionals="4" methods="23" coveredmethods="22" elements="104" coveredelements="100" complexity="0" loc="75" ncloc="75" packages="3" files="7" classes="7"/>
    <package name="controllers">
      <metrics statements="26" coveredstatements="26" conditionals="2" coveredconditionals="1" methods="4" coveredmethods="4"/>
      <file name="googleController.js" path="/usr/src/app/controllers/googleController.js">
        <metrics statements="9" coveredstatements="9" conditionals="0" coveredconditionals="0" methods="1" coveredmethods="1"/>
        <line num="6" count="2" type="stmt"/>
        <line num="7" count="2" type="stmt"/>
        <line num="9" count="2" type="stmt"/>
        <line num="10" count="2" type="stmt"/>
        <line num="11" count="2" type="stmt"/>
        <line num="13" count="2" type="stmt"/>
        <line num="14" count="2" type="stmt"/>
        <line num="15" count="2" type="stmt"/>
        <line num="17" count="2" type="stmt"/>
      </file>
      <file name="stackoverflowController.js" path="/usr/src/app/controllers/stackoverflowController.js">
        <metrics statements="17" coveredstatements="17" conditionals="2" coveredconditionals="1" methods="3" coveredmethods="3"/>
        <line num="8" count="1" type="stmt"/>
        <line num="11" count="20" type="stmt"/>
        <line num="14" count="1" type="stmt"/>
        <line num="15" count="1" type="stmt"/>
        <line num="17" count="1" type="stmt"/>
        <line num="19" count="1" type="stmt"/>
        <line num="20" count="1" type="cond" truecount="1" falsecount="1"/>
        <line num="22" count="1" type="stmt"/>
        <line num="23" count="1" type="stmt"/>
        <line num="24" count="1" type="stmt"/>
        <line num="25" count="1" type="stmt"/>
        <line num="35" count="1" type="stmt"/>
        <line num="37" count="1" type="stmt"/>
        <line num="38" count="20" type="stmt"/>
        <line num="46" count="20" type="stmt"/>
        <line num="49" count="1" type="stmt"/>
        <line num="51" count="1" type="stmt"/>
      </file>
    </package>
    <package name="models">
      <metrics statements="4" coveredstatements="4" conditionals="0" coveredconditionals="0" methods="0" coveredmethods="0"/>
      <file name="answer.js" path="/usr/src/app/models/answer.js">
        <metrics statements="2" coveredstatements="2" conditionals="0" coveredconditionals="0" methods="0" coveredmethods="0"/>
        <line num="3" count="1" type="stmt"/>
        <line num="31" count="1" type="stmt"/>
      </file>
      <file name="question.js" path="/usr/src/app/models/question.js">
        <metrics statements="2" coveredstatements="2" conditionals="0" coveredconditionals="0" methods="0" coveredmethods="0"/>
        <line num="3" count="1" type="stmt"/>
        <line num="26" count="1" type="stmt"/>
      </file>
    </package>
    <package name="utils">
      <metrics statements="45" coveredstatements="44" conditionals="4" coveredconditionals="3" methods="19" coveredmethods="18"/>
      <file name="mongoose.js" path="/usr/src/app/utils/mongoose.js">
        <metrics statements="7" coveredstatements="6" conditionals="0" coveredconditionals="0" methods="2" coveredmethods="1"/>
        <line num="2" count="1" type="stmt"/>
        <line num="3" count="1" type="stmt"/>
        <line num="4" count="1" type="stmt"/>
        <line num="5" count="1" type="stmt"/>
        <line num="7" count="1" type="stmt"/>
        <line num="12" count="1" type="stmt"/>
        <line num="13" count="0" type="stmt"/>
      </file>
      <file name="parser.js" path="/usr/src/app/utils/parser.js">
        <metrics statements="31" coveredstatements="31" conditionals="4" coveredconditionals="3" methods="13" coveredmethods="13"/>
        <line num="18" count="4" type="stmt"/>
        <line num="19" count="4" type="stmt"/>
        <line num="28" count="4" type="stmt"/>
        <line num="29" count="4" type="stmt"/>
        <line num="30" count="4" type="stmt"/>
        <line num="39" count="3" type="stmt"/>
        <line num="42" count="43" type="stmt"/>
        <line num="46" count="43" type="stmt"/>
        <line num="49" count="43" type="stmt"/>
        <line num="52" count="5" type="stmt"/>
        <line num="56" count="2" type="stmt"/>
        <line num="57" count="2" type="stmt"/>
        <line num="58" count="2" type="stmt"/>
        <line num="59" count="2" type="stmt"/>
        <line num="60" count="2" type="stmt"/>
        <line num="61" count="2" type="stmt"/>
        <line num="62" count="2" type="stmt"/>
        <line num="72" count="44" type="stmt"/>
        <line num="73" count="44" type="cond" truecount="1" falsecount="1"/>
        <line num="74" count="44" type="cond" truecount="2" falsecount="0"/>
        <line num="75" count="13" type="stmt"/>
        <line num="83" count="4" type="stmt"/>
        <line num="87" count="4" type="stmt"/>
        <line num="88" count="935" type="stmt"/>
        <line num="90" count="4" type="stmt"/>
        <line num="99" count="2" type="stmt"/>
        <line num="100" count="2" type="stmt"/>
        <line num="101" count="40" type="stmt"/>
        <line num="102" count="40" type="stmt"/>
        <line num="103" count="40" type="stmt"/>
        <line num="104" count="40" type="stmt"/>
      </file>
      <file name="scraper.js" path="/usr/src/app/utils/scraper.js">
        <metrics statements="7" coveredstatements="7" conditionals="0" coveredconditionals="0" methods="4" coveredmethods="4"/>
        <line num="5" count="3" type="stmt"/>
        <line num="6" count="3" type="stmt"/>
        <line num="10" count="3" type="stmt"/>
        <line num="15" count="3" type="stmt"/>
        <line num="19" count="3" type="stmt"/>
        <line num="20" count="3" type="stmt"/>
        <line num="24" count="3" type="stmt"/>
      </file>
    </package>
  </project>
</coverage>
