{"/Users/anderwander/Desktop/Bootcamp/Scrapabajo/controllers/googleController.js": {"path":"/Users/anderwander/Desktop/Bootcamp/Scrapabajo/controllers/googleController.js","statementMap":{"0":{"start":{"line":6,"column":18},"end":{"line":6,"column":31}},"1":{"start":{"line":7,"column":2},"end":{"line":7,"column":23}},"2":{"start":{"line":9,"column":23},"end":{"line":9,"column":48}},"3":{"start":{"line":10,"column":14},"end":{"line":10,"column":63}},"4":{"start":{"line":11,"column":18},"end":{"line":11,"column":51}},"5":{"start":{"line":13,"column":17},"end":{"line":13,"column":36}},"6":{"start":{"line":14,"column":16},"end":{"line":14,"column":36}},"7":{"start":{"line":15,"column":2},"end":{"line":15,"column":24}},"8":{"start":{"line":17,"column":2},"end":{"line":17,"column":15}}},"fnMap":{"0":{"name":"searchLinks","decl":{"start":{"line":4,"column":15},"end":{"line":4,"column":26}},"loc":{"start":{"line":4,"column":34},"end":{"line":18,"column":1}},"line":4}},"branchMap":{},"s":{"0":2,"1":2,"2":2,"3":2,"4":2,"5":2,"6":2,"7":2,"8":2},"f":{"0":2},"b":{},"_coverageSchema":"1a1c01bbd47fc00a2c39e90264f33305004495a9","hash":"8d05d0923efdc107d03a3d174da0a47e24349975"}
,"/Users/anderwander/Desktop/Bootcamp/Scrapabajo/controllers/stackoverflowController.js": {"path":"/Users/anderwander/Desktop/Bootcamp/Scrapabajo/controllers/stackoverflowController.js","statementMap":{"0":{"start":{"line":6,"column":22},"end":{"line":8,"column":3}},"1":{"start":{"line":9,"column":14},"end":{"line":9,"column":76}},"2":{"start":{"line":9,"column":41},"end":{"line":9,"column":75}},"3":{"start":{"line":12,"column":18},"end":{"line":12,"column":31}},"4":{"start":{"line":13,"column":2},"end":{"line":13,"column":23}},"5":{"start":{"line":15,"column":18},"end":{"line":15,"column":51}},"6":{"start":{"line":17,"column":17},"end":{"line":17,"column":36}},"7":{"start":{"line":18,"column":16},"end":{"line":18,"column":33}},"8":{"start":{"line":23,"column":2},"end":{"line":23,"column":24}},"9":{"start":{"line":25,"column":2},"end":{"line":25,"column":51}}},"fnMap":{"0":{"name":"getContent","decl":{"start":{"line":5,"column":15},"end":{"line":5,"column":25}},"loc":{"start":{"line":5,"column":33},"end":{"line":26,"column":1}},"line":5},"1":{"name":"(anonymous_1)","decl":{"start":{"line":9,"column":31},"end":{"line":9,"column":32}},"loc":{"start":{"line":9,"column":41},"end":{"line":9,"column":75}},"line":9}},"branchMap":{},"s":{"0":1,"1":1,"2":20,"3":1,"4":1,"5":1,"6":1,"7":1,"8":1,"9":1},"f":{"0":1,"1":20},"b":{},"_coverageSchema":"1a1c01bbd47fc00a2c39e90264f33305004495a9","hash":"c442323ebbd6541271dc62f9abcbc0d4f3271ec8"}
,"/Users/anderwander/Desktop/Bootcamp/Scrapabajo/utils/parser.js": {"path":"/Users/anderwander/Desktop/Bootcamp/Scrapabajo/utils/parser.js","statementMap":{"0":{"start":{"line":18,"column":4},"end":{"line":18,"column":21}},"1":{"start":{"line":19,"column":4},"end":{"line":19,"column":24}},"2":{"start":{"line":28,"column":18},"end":{"line":28,"column":29}},"3":{"start":{"line":29,"column":16},"end":{"line":29,"column":36}},"4":{"start":{"line":30,"column":4},"end":{"line":30,"column":40}},"5":{"start":{"line":39,"column":4},"end":{"line":39,"column":57}},"6":{"start":{"line":42,"column":4},"end":{"line":42,"column":67}},"7":{"start":{"line":46,"column":18},"end":{"line":48,"column":17}},"8":{"start":{"line":49,"column":4},"end":{"line":49,"column":27}},"9":{"start":{"line":52,"column":4},"end":{"line":52,"column":52}},"10":{"start":{"line":56,"column":21},"end":{"line":56,"column":42}},"11":{"start":{"line":57,"column":18},"end":{"line":57,"column":45}},"12":{"start":{"line":58,"column":18},"end":{"line":58,"column":41}},"13":{"start":{"line":59,"column":17},"end":{"line":59,"column":42}},"14":{"start":{"line":61,"column":28},"end":{"line":61,"column":61}},"15":{"start":{"line":62,"column":4},"end":{"line":68,"column":6}},"16":{"start":{"line":78,"column":4},"end":{"line":78,"column":62}},"17":{"start":{"line":82,"column":4},"end":{"line":82,"column":65}},"18":{"start":{"line":86,"column":26},"end":{"line":86,"column":72}},"19":{"start":{"line":87,"column":4},"end":{"line":87,"column":25}},"20":{"start":{"line":91,"column":18},"end":{"line":93,"column":5}},"21":{"start":{"line":92,"column":16},"end":{"line":92,"column":25}},"22":{"start":{"line":94,"column":4},"end":{"line":94,"column":17}}},"fnMap":{"0":{"name":"(anonymous_0)","decl":{"start":{"line":13,"column":2},"end":{"line":13,"column":3}},"loc":{"start":{"line":13,"column":20},"end":{"line":20,"column":3}},"line":13},"1":{"name":"(anonymous_1)","decl":{"start":{"line":27,"column":2},"end":{"line":27,"column":3}},"loc":{"start":{"line":27,"column":17},"end":{"line":31,"column":3}},"line":27},"2":{"name":"(anonymous_2)","decl":{"start":{"line":38,"column":2},"end":{"line":38,"column":3}},"loc":{"start":{"line":38,"column":13},"end":{"line":40,"column":3}},"line":38},"3":{"name":"(anonymous_3)","decl":{"start":{"line":41,"column":2},"end":{"line":41,"column":3}},"loc":{"start":{"line":41,"column":15},"end":{"line":43,"column":3}},"line":41},"4":{"name":"(anonymous_4)","decl":{"start":{"line":45,"column":2},"end":{"line":45,"column":3}},"loc":{"start":{"line":45,"column":24},"end":{"line":50,"column":3}},"line":45},"5":{"name":"(anonymous_5)","decl":{"start":{"line":51,"column":2},"end":{"line":51,"column":3}},"loc":{"start":{"line":51,"column":19},"end":{"line":53,"column":3}},"line":51},"6":{"name":"(anonymous_6)","decl":{"start":{"line":55,"column":2},"end":{"line":55,"column":3}},"loc":{"start":{"line":55,"column":16},"end":{"line":69,"column":3}},"line":55},"7":{"name":"(anonymous_7)","decl":{"start":{"line":77,"column":2},"end":{"line":77,"column":3}},"loc":{"start":{"line":77,"column":23},"end":{"line":79,"column":3}},"line":77},"8":{"name":"(anonymous_8)","decl":{"start":{"line":81,"column":2},"end":{"line":81,"column":3}},"loc":{"start":{"line":81,"column":18},"end":{"line":83,"column":3}},"line":81},"9":{"name":"(anonymous_9)","decl":{"start":{"line":85,"column":2},"end":{"line":85,"column":3}},"loc":{"start":{"line":85,"column":28},"end":{"line":88,"column":3}},"line":85},"10":{"name":"(anonymous_10)","decl":{"start":{"line":90,"column":2},"end":{"line":90,"column":3}},"loc":{"start":{"line":90,"column":13},"end":{"line":95,"column":3}},"line":90},"11":{"name":"(anonymous_11)","decl":{"start":{"line":92,"column":6},"end":{"line":92,"column":7}},"loc":{"start":{"line":92,"column":16},"end":{"line":92,"column":25}},"line":92}},"branchMap":{},"s":{"0":4,"1":4,"2":4,"3":4,"4":4,"5":3,"6":2,"7":2,"8":2,"9":3,"10":1,"11":1,"12":1,"13":1,"14":1,"15":1,"16":2,"17":2,"18":1,"19":1,"20":3,"21":538,"22":3},"f":{"0":4,"1":4,"2":3,"3":2,"4":2,"5":3,"6":1,"7":2,"8":2,"9":1,"10":3,"11":538},"b":{},"_coverageSchema":"1a1c01bbd47fc00a2c39e90264f33305004495a9","hash":"50494d34139b481eeff16e7f2f4cba577fd83446"}
,"/Users/anderwander/Desktop/Bootcamp/Scrapabajo/utils/scraper.js": {"path":"/Users/anderwander/Desktop/Bootcamp/Scrapabajo/utils/scraper.js","statementMap":{"0":{"start":{"line":5,"column":4},"end":{"line":5,"column":24}},"1":{"start":{"line":6,"column":4},"end":{"line":6,"column":21}},"2":{"start":{"line":10,"column":4},"end":{"line":10,"column":44}},"3":{"start":{"line":11,"column":4},"end":{"line":11,"column":45}},"4":{"start":{"line":15,"column":4},"end":{"line":15,"column":30}},"5":{"start":{"line":16,"column":4},"end":{"line":16,"column":37}},"6":{"start":{"line":20,"column":4},"end":{"line":20,"column":31}}},"fnMap":{"0":{"name":"(anonymous_0)","decl":{"start":{"line":4,"column":2},"end":{"line":4,"column":3}},"loc":{"start":{"line":4,"column":16},"end":{"line":7,"column":3}},"line":4},"1":{"name":"(anonymous_1)","decl":{"start":{"line":9,"column":2},"end":{"line":9,"column":3}},"loc":{"start":{"line":9,"column":15},"end":{"line":12,"column":3}},"line":9},"2":{"name":"(anonymous_2)","decl":{"start":{"line":14,"column":2},"end":{"line":14,"column":3}},"loc":{"start":{"line":14,"column":28},"end":{"line":17,"column":3}},"line":14},"3":{"name":"(anonymous_3)","decl":{"start":{"line":19,"column":2},"end":{"line":19,"column":3}},"loc":{"start":{"line":19,"column":16},"end":{"line":21,"column":3}},"line":19}},"branchMap":{},"s":{"0":3,"1":3,"2":3,"3":3,"4":3,"5":3,"6":3},"f":{"0":3,"1":3,"2":3,"3":3},"b":{},"_coverageSchema":"1a1c01bbd47fc00a2c39e90264f33305004495a9","hash":"ff98cc6a781f5622a2690f8b419185c45df150a4"}
}
