TN:
SF:controllers/googleController.js
FN:4,searchLinks
FNF:1
FNH:1
FNDA:2,searchLinks
DA:6,2
DA:7,2
DA:9,2
DA:10,2
DA:11,2
DA:13,2
DA:14,2
DA:15,2
DA:17,2
LF:9
LH:9
BRF:0
BRH:0
end_of_record
TN:
SF:controllers/stackoverflowController.js
FN:5,getContent
FN:9,(anonymous_1)
FNF:2
FNH:2
FNDA:1,getContent
FNDA:20,(anonymous_1)
DA:6,1
DA:9,20
DA:12,1
DA:13,1
DA:15,1
DA:17,1
DA:18,1
DA:23,1
DA:25,1
LF:9
LH:9
BRF:0
BRH:0
end_of_record
TN:
SF:utils/parser.js
FN:13,(anonymous_0)
FN:27,(anonymous_1)
FN:38,(anonymous_2)
FN:41,(anonymous_3)
FN:45,(anonymous_4)
FN:51,(anonymous_5)
FN:55,(anonymous_6)
FN:77,(anonymous_7)
FN:81,(anonymous_8)
FN:85,(anonymous_9)
FN:90,(anonymous_10)
FN:92,(anonymous_11)
FNF:12
FNH:12
FNDA:4,(anonymous_0)
FNDA:4,(anonymous_1)
FNDA:3,(anonymous_2)
FNDA:2,(anonymous_3)
FNDA:2,(anonymous_4)
FNDA:3,(anonymous_5)
FNDA:1,(anonymous_6)
FNDA:2,(anonymous_7)
FNDA:2,(anonymous_8)
FNDA:1,(anonymous_9)
FNDA:3,(anonymous_10)
FNDA:538,(anonymous_11)
DA:18,4
DA:19,4
DA:28,4
DA:29,4
DA:30,4
DA:39,3
DA:42,2
DA:46,2
DA:49,2
DA:52,3
DA:56,1
DA:57,1
DA:58,1
DA:59,1
DA:61,1
DA:62,1
DA:78,2
DA:82,2
DA:86,1
DA:87,1
DA:91,3
DA:92,538
DA:94,3
LF:23
LH:23
BRF:0
BRH:0
end_of_record
TN:
SF:utils/scraper.js
FN:4,(anonymous_0)
FN:9,(anonymous_1)
FN:14,(anonymous_2)
FN:19,(anonymous_3)
FNF:4
FNH:4
FNDA:3,(anonymous_0)
FNDA:3,(anonymous_1)
FNDA:3,(anonymous_2)
FNDA:3,(anonymous_3)
DA:5,3
DA:6,3
DA:10,3
DA:11,3
DA:15,3
DA:16,3
DA:20,3
LF:7
LH:7
BRF:0
BRH:0
end_of_record
