TN:
SF:controllers/googleController.js
FN:4,searchLinks
FNF:1
FNH:1
FNDA:2,searchLinks
DA:6,2
DA:7,2
DA:9,2
DA:10,2
DA:11,2
DA:13,2
DA:14,2
DA:15,2
DA:17,2
LF:9
LH:9
BRF:0
BRH:0
end_of_record
TN:
SF:controllers/stackoverflowController.js
FN:7,getContent
FN:11,(anonymous_1)
FN:37,(anonymous_2)
FNF:3
FNH:3
FNDA:1,getContent
FNDA:20,(anonymous_1)
FNDA:20,(anonymous_2)
DA:8,1
DA:11,20
DA:14,1
DA:15,1
DA:17,1
DA:19,1
DA:20,1
DA:22,1
DA:23,1
DA:24,1
DA:25,1
DA:35,1
DA:37,1
DA:38,20
DA:46,20
DA:49,1
DA:51,1
LF:17
LH:17
BRDA:20,0,0,0
BRDA:20,0,1,1
BRF:2
BRH:1
end_of_record
TN:
SF:models/answer.js
FNF:0
FNH:0
DA:3,1
DA:31,1
LF:2
LH:2
BRF:0
BRH:0
end_of_record
TN:
SF:models/question.js
FNF:0
FNH:0
DA:3,1
DA:26,1
LF:2
LH:2
BRF:0
BRH:0
end_of_record
TN:
SF:utils/mongoose.js
FN:12,(anonymous_0)
FN:13,(anonymous_1)
FNF:2
FNH:1
FNDA:1,(anonymous_0)
FNDA:0,(anonymous_1)
DA:2,1
DA:3,1
DA:4,1
DA:5,1
DA:7,1
DA:12,1
DA:13,0
LF:7
LH:6
BRF:0
BRH:0
end_of_record
TN:
SF:utils/parser.js
FN:13,(anonymous_0)
FN:27,(anonymous_1)
FN:38,(anonymous_2)
FN:41,(anonymous_3)
FN:45,(anonymous_4)
FN:51,(anonymous_5)
FN:55,(anonymous_6)
FN:71,(anonymous_7)
FN:82,(anonymous_8)
FN:86,(anonymous_9)
FN:88,(anonymous_10)
FN:98,(anonymous_11)
FN:100,(anonymous_12)
FNF:13
FNH:13
FNDA:4,(anonymous_0)
FNDA:4,(anonymous_1)
FNDA:3,(anonymous_2)
FNDA:43,(anonymous_3)
FNDA:43,(anonymous_4)
FNDA:5,(anonymous_5)
FNDA:2,(anonymous_6)
FNDA:44,(anonymous_7)
FNDA:4,(anonymous_8)
FNDA:4,(anonymous_9)
FNDA:935,(anonymous_10)
FNDA:2,(anonymous_11)
FNDA:40,(anonymous_12)
DA:18,4
DA:19,4
DA:28,4
DA:29,4
DA:30,4
DA:39,3
DA:42,43
DA:46,43
DA:49,43
DA:52,5
DA:56,2
DA:57,2
DA:58,2
DA:59,2
DA:60,2
DA:61,2
DA:62,2
DA:72,44
DA:73,44
DA:74,44
DA:75,13
DA:83,4
DA:87,4
DA:88,935
DA:90,4
DA:99,2
DA:100,2
DA:101,40
DA:102,40
DA:103,40
DA:104,40
LF:31
LH:31
BRDA:73,0,0,0
BRDA:73,0,1,44
BRDA:74,1,0,31
BRDA:74,1,1,13
BRF:4
BRH:3
end_of_record
TN:
SF:utils/scraper.js
FN:4,(anonymous_0)
FN:9,(anonymous_1)
FN:18,(anonymous_2)
FN:23,(anonymous_3)
FNF:4
FNH:4
FNDA:3,(anonymous_0)
FNDA:3,(anonymous_1)
FNDA:3,(anonymous_2)
FNDA:3,(anonymous_3)
DA:5,3
DA:6,3
DA:10,3
DA:15,3
DA:19,3
DA:20,3
DA:24,3
LF:7
LH:7
BRF:0
BRH:0
end_of_record
